Traceback (most recent call last):
  File "<frozen runpy>", line 198, in _run_module_as_main
  File "<frozen runpy>", line 88, in _run_code
  File "/content/drive/MyDrive/Neur2RO/ro/scripts/03_train_model.py", line 561, in <module>
    main(args)
  File "/content/drive/MyDrive/Neur2RO/ro/scripts/03_train_model.py", line 467, in main
    best_net.eval()
    ^^^^^^^^^^^^^
AttributeError: 'NoneType' object has no attribute 'eval'
Getting instance/path info for offering_no_network ...
Loading data for machine learning ... 
Loading offering_no_network data preprocessor...
Getting label scaler ... 
Getting feature scaler ... 
Getting pytorch dataset ...
Initializing set_encoder ...
Training set_encoder ...
Traceback (most recent call last):
  File "<frozen runpy>", line 198, in _run_module_as_main
  File "<frozen runpy>", line 88, in _run_code
  File "/content/drive/MyDrive/Neur2RO/ro/scripts/03_train_model.py", line 561, in <module>
    main(args)
  File "/content/drive/MyDrive/Neur2RO/ro/scripts/03_train_model.py", line 467, in main
    best_net.eval()
    ^^^^^^^^^^^^^
AttributeError: 'NoneType' object has no attribute 'eval'
Getting instance/path info for offering_no_network ...
Loading data for machine learning ... 
Loading offering_no_network data preprocessor...
Getting label scaler ... 
Getting feature scaler ... 
Getting pytorch dataset ...
Initializing set_encoder ...
Training set_encoder ...
Traceback (most recent call last):
  File "<frozen runpy>", line 198, in _run_module_as_main
  File "<frozen runpy>", line 88, in _run_code
  File "/content/drive/MyDrive/Neur2RO/ro/scripts/03_train_model.py", line 561, in <module>
    main(args)
  File "/content/drive/MyDrive/Neur2RO/ro/scripts/03_train_model.py", line 467, in main
    best_net.eval()
    ^^^^^^^^^^^^^
AttributeError: 'NoneType' object has no attribute 'eval'
Getting instance/path info for offering_no_network ...
Loading data for machine learning ... 
Loading offering_no_network data preprocessor...
Getting label scaler ... 
Getting feature scaler ... 
Getting pytorch dataset ...
Initializing set_encoder ...
Training set_encoder ...
Traceback (most recent call last):
  File "<frozen runpy>", line 198, in _run_module_as_main
  File "<frozen runpy>", line 88, in _run_code
  File "/content/drive/MyDrive/Neur2RO/ro/scripts/03_train_model.py", line 561, in <module>
    main(args)
  File "/content/drive/MyDrive/Neur2RO/ro/scripts/03_train_model.py", line 467, in main
    best_net.eval()
    ^^^^^^^^^^^^^
AttributeError: 'NoneType' object has no attribute 'eval'
Getting instance/path info for offering_no_network ...
Loading data for machine learning ... 
Loading offering_no_network data preprocessor...
Getting label scaler ... 
Getting feature scaler ... 
Getting pytorch dataset ...
Initializing set_encoder ...
Training set_encoder ...
